<?xml version="1.0" encoding="UTF-8"?>
<!-- Generated by org.testng.reporters.JUnitXMLReporter -->
<testsuite ignored="0" hostname="SAURATAR01" failures="1" tests="3" name="Submit Order Test" time="78.509" errors="0" timestamp="2025-03-19T16:51:50 IST">
  <testcase classname="GrowNet.FrameworkBuilding.StandAloneTest" name="submitOrder" time="19.481"/>
  <testcase classname="GrowNet.FrameworkBuilding.StandAloneTest" name="submitOrder" time="2.353">
    <failure type="java.lang.NullPointerException" message="Cannot invoke &amp;quot;org.openqa.selenium.WebElement.findElement(org.openqa.selenium.By)&amp;quot; because &amp;quot;prod&amp;quot; is null">
      <![CDATA[java.lang.NullPointerException: Cannot invoke "org.openqa.selenium.WebElement.findElement(org.openqa.selenium.By)" because "prod" is null
at GrowNet.FrameworkBuilding.PageObjects.ProductCatalogue.addProductToCart(ProductCatalogue.java:55)
at GrowNet.FrameworkBuilding.StandAloneTest.submitOrder(StandAloneTest.java:50)
at java.base/java.util.ArrayList.forEach(ArrayList.java:1511)
at java.base/java.util.concurrent.FutureTask.run(FutureTask.java:264)
at java.base/java.util.concurrent.ThreadPoolExecutor.runWorker(ThreadPoolExecutor.java:1136)
at java.base/java.util.concurrent.ThreadPoolExecutor$Worker.run(ThreadPoolExecutor.java:635)
at java.base/java.lang.Thread.run(Thread.java:833)
... Removed 17 stack frames]]>
    </failure>
  </testcase> <!-- submitOrder -->
  <testcase classname="GrowNet.FrameworkBuilding.StandAloneTest" name="orderHistoryTest" time="0.0">
    <skipped/>
  </testcase> <!-- orderHistoryTest -->
</testsuite> <!-- Submit Order Test -->
