<?xml version="1.0" encoding="UTF-8"?>
<!-- Generated by org.testng.reporters.JUnitXMLReporter -->
<testsuite ignored="0" hostname="SAURATAR01" failures="1" tests="3" name="Command line test" time="0.457" errors="0" timestamp="2025-02-07T14:27:35 IST">
  <testcase classname="GrowNet.FrameworkBuilding.StandAloneTest" name="submitOrder" time="0.357">
    <failure type="org.testng.internal.reflect.MethodMatcherException" message="
[public void GrowNet.FrameworkBuilding.StandAloneTest.submitOrder(java.lang.String,java.lang.String,java.lang.String) throws java.io.IOException] has no parameters defined but was found to be using a data provider (either explicitly specified or inherited from class level annotation).
Data provider mismatch
Method: submitOrder([java.lang.String arg0, java.lang.String arg1, java.lang.String arg2])
Arguments: [(java.util.HashMap) {email=saurabhtester@gmail.com, productName=IPHONE 13 PRO, Password=Saurabh@123},(java.util.HashMap) {email=testingninja@gmail.com, productName=Banarsi Saree, Password=Ninja@123}]">
      <![CDATA[org.testng.internal.reflect.MethodMatcherException: 
[public void GrowNet.FrameworkBuilding.StandAloneTest.submitOrder(java.lang.String,java.lang.String,java.lang.String) throws java.io.IOException] has no parameters defined but was found to be using a data provider (either explicitly specified or inherited from class level annotation).
Data provider mismatch
Method: submitOrder([java.lang.String arg0, java.lang.String arg1, java.lang.String arg2])
Arguments: [(java.util.HashMap) {email=saurabhtester@gmail.com, productName=IPHONE 13 PRO, Password=Saurabh@123},(java.util.HashMap) {email=testingninja@gmail.com, productName=Banarsi Saree, Password=Ninja@123}]
at java.base/java.util.ArrayList.forEach(ArrayList.java:1541)
... Removed 32 stack frames]]>
    </failure>
  </testcase> <!-- submitOrder -->
  <testcase classname="GrowNet.FrameworkBuilding.StandAloneTest" name="orderHistoryTest" time="0.0">
    <skipped/>
  </testcase> <!-- orderHistoryTest -->
  <testcase classname="NewTest" name="f" time="0.002"/>
</testsuite> <!-- Command line test -->
